Summary of SPARK analysis
=========================

--------------------------------------------------------------------------------------------
SPARK Analysis results        Total      Flow   CodePeer      Provers   Justified   Unproved
--------------------------------------------------------------------------------------------
Data Dependencies                 .         .          .            .           .          .
Flow Dependencies                 .         .          .            .           .          .
Initialization                    1         1          .            .           .          .
Non-Aliasing                      .         .          .            .           .          .
Run-time Checks                  13         .          .    13 (CVC4)           .          .
Assertions                        .         .          .            .           .          .
Functional Contracts             12         .          .    12 (CVC4)           .          .
LSP Verification                  .         .          .            .           .          .
Termination                       .         .          .            .           .          .
Concurrency                       .         .          .            .           .          .
--------------------------------------------------------------------------------------------
Total                            26    1 (4%)          .     25 (96%)           .          .


max steps used for successful proof: 1

Analyzed 6 units
in unit clean_air, 3 subprograms and packages out of 3 analyzed
  Clean_Air at clean_air.ads:1 flow analyzed (0 errors, 0 checks and 0 warnings) and proved (0 checks)
  Clean_Air.CreateAirCon at clean_air.ads:26 flow analyzed (0 errors, 0 checks and 0 warnings) and proved (0 checks)
  Clean_Air.Update at clean_air.ads:18 flow analyzed (0 errors, 0 checks and 0 warnings) and proved (3 checks)
in unit house, 3 subprograms and packages out of 3 analyzed
  house at house.ads:6 flow analyzed (0 errors, 0 checks and 0 warnings) and proved (0 checks)
  house.Is_Carbon_Valid at house.ads:18 flow analyzed (0 errors, 0 checks and 0 warnings) and proved (0 checks)
  house.Update at house.ads:20 flow analyzed (0 errors, 0 checks and 0 warnings) and proved (6 checks)
in unit house_appliances, 3 subprograms and packages out of 3 analyzed
  house_appliances at house_appliances.ads:1 flow analyzed (0 errors, 0 checks and 0 warnings) and proved (0 checks)
  house_appliances.CreateFridge at house_appliances.ads:20 flow analyzed (0 errors, 0 checks and 0 warnings) and proved (0 checks)
  house_appliances.UnlockLock at house_appliances.ads:12 flow analyzed (0 errors, 0 checks and 0 warnings) and proved (1 checks)
in unit house_exterior, 4 subprograms and packages out of 4 analyzed
  house_exterior at house_exterior.ads:1 flow analyzed (0 errors, 0 checks and 0 warnings) and proved (0 checks)
  house_exterior.CreateExteriors at house_exterior.ads:20 flow analyzed (0 errors, 0 checks and 0 warnings) and proved (0 checks)
  house_exterior.UpdateLocked at house_exterior.ads:10 flow analyzed (0 errors, 0 checks and 0 warnings) and proved (1 checks)
  house_exterior.UpdateUnlocked at house_exterior.ads:16 flow analyzed (0 errors, 0 checks and 0 warnings) and proved (1 checks)
in unit house_heating, 3 subprograms and packages out of 3 analyzed
  house_heating at house_heating.ads:1 flow analyzed (0 errors, 0 checks and 0 warnings) and proved (0 checks)
  house_heating.CreateHeating at house_heating.ads:30 flow analyzed (0 errors, 0 checks and 0 warnings) and proved (0 checks)
  house_heating.Update at house_heating.ads:18 flow analyzed (0 errors, 0 checks and 0 warnings) and proved (3 checks)
in unit main, 2 subprograms and packages out of 2 analyzed
  Main at main.adb:10 flow analyzed (0 errors, 0 checks and 0 warnings) and proved (1 checks)
  Main.Print_Status at main.adb:14 flow analyzed (0 errors, 0 checks and 0 warnings) and proved (9 checks)
